<?xml version="1.0" encoding="UTF-8"?>
<!-- Generated by org.testng.reporters.JUnitReportReporter -->
<testsuite hostname="DESKTOP-RQA8NQN" failures="0" tests="1" name="tests.RegisterationPageTest" time="22.970" errors="0" timestamp="28 Jul 2022 21:15:37 GMT" skipped="0">
  <testcase classname="tests.RegisterationPageTest" name="RegisterationSteps" time="22.970"/>
</testsuite> <!-- tests.RegisterationPageTest -->
