<?xml version="1.0" encoding="UTF-8"?>
<!-- Generated by org.testng.reporters.JUnitReportReporter -->
<testsuite hostname="DESKTOP-RQA8NQN" failures="0" tests="1" name="tests.LoginPageTest" time="14.868" errors="0" timestamp="29 Jul 2022 09:28:25 GMT" skipped="0">
  <testcase classname="tests.LoginPageTest" name="LoginSteps" time="14.868"/>
</testsuite> <!-- tests.LoginPageTest -->
